# JRE version: OpenJDK Runtime Environment (16.0+36) (build 16+36-2231)
# Java VM: OpenJDK 64-Bit Server VM (16+36-2231, mixed mode, sharing, tiered, compressed oops, g1 gc, windows-amd64)
GC Precious Log:
 CPUs: 4 total, 4 available
 Memory: 7875M
 Large Page Support: Disabled
 NUMA Support: Disabled
 Compressed Oops: Enabled (32-bit)
 Heap Region Size: 1M
 Heap Min Capacity: 8M
 Heap Initial Capacity: 124M
 Heap Max Capacity: 1970M
 Pre-touch: Disabled
 Parallel Workers: 4
 Concurrent Workers: 1
 Concurrent Refinement Workers: 4
 Periodic GC: Disabled
Heap:
 garbage-first heap   total 67584K, used 37639K [0x0000000084e00000, 0x0000000100000000)
  region size 1024K, 23 young (23552K), 3 survivors (3072K)
 Metaspace       used 33674K, committed 34048K, reserved 1081344K
  class space    used 4197K, committed 4416K, reserved 1048576K
GC Heap History (20 events):
Event: 2.250 GC heap before
{Heap before GC invocations=1 (full 0):
 garbage-first heap   total 126976K, used 15659K [0x0000000084e00000, 0x0000000100000000)
  region size 1024K, 9 young (9216K), 2 survivors (2048K)
 Metaspace       used 4881K, committed 5120K, reserved 1056768K
  class space    used 508K, committed 640K, reserved 1048576K
}
Event: 2.256 GC heap after
{Heap after GC invocations=2 (full 0):
 garbage-first heap   total 126976K, used 9251K [0x0000000084e00000, 0x0000000100000000)
  region size 1024K, 1 young (1024K), 1 survivors (1024K)
 Metaspace       used 4881K, committed 5120K, reserved 1056768K
  class space    used 508K, committed 640K, reserved 1048576K
}
Event: 2.291 GC heap before
{Heap before GC invocations=2 (full 0):
 garbage-first heap   total 126976K, used 29731K [0x0000000084e00000, 0x0000000100000000)
  region size 1024K, 22 young (22528K), 1 survivors (1024K)
 Metaspace       used 4885K, committed 5120K, reserved 1056768K
  class space    used 508K, committed 640K, reserved 1048576K
}
Event: 2.294 GC heap after
{Heap after GC invocations=3 (full 0):
 garbage-first heap   total 126976K, used 9371K [0x0000000084e00000, 0x0000000100000000)
  region size 1024K, 1 young (1024K), 1 survivors (1024K)
 Metaspace       used 4885K, committed 5120K, reserved 1056768K
  class space    used 508K, committed 640K, reserved 1048576K
}
Event: 5.061 GC heap before
{Heap before GC invocations=3 (full 0):
 garbage-first heap   total 126976K, used 77979K [0x0000000084e00000, 0x0000000100000000)
  region size 1024K, 69 young (70656K), 1 survivors (1024K)
 Metaspace       used 16345K, committed 16640K, reserved 1064960K
  class space    used 1954K, committed 2112K, reserved 1048576K
}
Event: 5.070 GC heap after
{Heap after GC invocations=4 (full 0):
 garbage-first heap   total 126976K, used 12356K [0x0000000084e00000, 0x0000000100000000)
  region size 1024K, 4 young (4096K), 4 survivors (4096K)
 Metaspace       used 16345K, committed 16640K, reserved 1064960K
  class space    used 1954K, committed 2112K, reserved 1048576K
}
Event: 6.627 GC heap before
{Heap before GC invocations=4 (full 0):
 garbage-first heap   total 126976K, used 83012K [0x0000000084e00000, 0x0000000100000000)
  region size 1024K, 74 young (75776K), 4 survivors (4096K)
 Metaspace       used 19184K, committed 19520K, reserved 1073152K
  class space    used 2273K, committed 2432K, reserved 1048576K
}
Event: 6.637 GC heap after
{Heap after GC invocations=5 (full 0):
 garbage-first heap   total 126976K, used 13912K [0x0000000084e00000, 0x0000000100000000)
  region size 1024K, 6 young (6144K), 6 survivors (6144K)
 Metaspace       used 19184K, committed 19520K, reserved 1073152K
  class space    used 2273K, committed 2432K, reserved 1048576K
}
Event: 7.400 GC heap before
{Heap before GC invocations=5 (full 0):
 garbage-first heap   total 126976K, used 25176K [0x0000000084e00000, 0x0000000100000000)
  region size 1024K, 18 young (18432K), 6 survivors (6144K)
 Metaspace       used 20949K, committed 21248K, reserved 1073152K
  class space    used 2521K, committed 2688K, reserved 1048576K
}
Event: 7.409 GC heap after
{Heap after GC invocations=6 (full 0):
 garbage-first heap   total 126976K, used 14797K [0x0000000084e00000, 0x0000000100000000)
  region size 1024K, 6 young (6144K), 6 survivors (6144K)
 Metaspace       used 20949K, committed 21248K, reserved 1073152K
  class space    used 2521K, committed 2688K, reserved 1048576K
}
Event: 9.054 GC heap before
{Heap before GC invocations=7 (full 0):
 garbage-first heap   total 55296K, used 41421K [0x0000000084e00000, 0x0000000100000000)
  region size 1024K, 32 young (32768K), 6 survivors (6144K)
 Metaspace       used 24678K, committed 25024K, reserved 1073152K
  class space    used 3072K, committed 3200K, reserved 1048576K
}
Event: 9.070 GC heap after
{Heap after GC invocations=8 (full 0):
 garbage-first heap   total 55296K, used 17187K [0x0000000084e00000, 0x0000000100000000)
  region size 1024K, 4 young (4096K), 4 survivors (4096K)
 Metaspace       used 24678K, committed 25024K, reserved 1073152K
  class space    used 3072K, committed 3200K, reserved 1048576K
}
Event: 9.906 GC heap before
{Heap before GC invocations=8 (full 0):
 garbage-first heap   total 55296K, used 38691K [0x0000000084e00000, 0x0000000100000000)
  region size 1024K, 26 young (26624K), 4 survivors (4096K)
 Metaspace       used 27057K, committed 27392K, reserved 1073152K
  class space    used 3374K, committed 3584K, reserved 1048576K
}
Event: 9.915 GC heap after
{Heap after GC invocations=9 (full 0):
 garbage-first heap   total 55296K, used 18603K [0x0000000084e00000, 0x0000000100000000)
  region size 1024K, 2 young (2048K), 2 survivors (2048K)
 Metaspace       used 27057K, committed 27392K, reserved 1073152K
  class space    used 3374K, committed 3584K, reserved 1048576K
}
Event: 9.922 GC heap before
{Heap before GC invocations=9 (full 0):
 garbage-first heap   total 55296K, used 39083K [0x0000000084e00000, 0x0000000100000000)
  region size 1024K, 23 young (23552K), 2 survivors (2048K)
 Metaspace       used 27057K, committed 27392K, reserved 1073152K
  class space    used 3374K, committed 3584K, reserved 1048576K
}
Event: 9.926 GC heap after
{Heap after GC invocations=10 (full 0):
 garbage-first heap   total 67584K, used 18510K [0x0000000084e00000, 0x0000000100000000)
  region size 1024K, 2 young (2048K), 2 survivors (2048K)
 Metaspace       used 27057K, committed 27392K, reserved 1073152K
  class space    used 3374K, committed 3584K, reserved 1048576K
}
Event: 10.124 GC heap before
{Heap before GC invocations=10 (full 0):
 garbage-first heap   total 67584K, used 50254K [0x0000000084e00000, 0x0000000100000000)
  region size 1024K, 34 young (34816K), 2 survivors (2048K)
 Metaspace       used 27622K, committed 27968K, reserved 1081344K
  class space    used 3425K, committed 3584K, reserved 1048576K
}
Event: 10.128 GC heap after
{Heap after GC invocations=11 (full 0):
 garbage-first heap   total 67584K, used 18705K [0x0000000084e00000, 0x0000000100000000)
  region size 1024K, 2 young (2048K), 2 survivors (2048K)
 Metaspace       used 27622K, committed 27968K, reserved 1081344K
  class space    used 3425K, committed 3584K, reserved 1048576K
}
Event: 11.111 GC heap before
{Heap before GC invocations=11 (full 0):
 garbage-first heap   total 67584K, used 51473K [0x0000000084e00000, 0x0000000100000000)
  region size 1024K, 35 young (35840K), 2 survivors (2048K)
 Metaspace       used 28976K, committed 29376K, reserved 1081344K
  class space    used 3636K, committed 3840K, reserved 1048576K
}
Event: 11.116 GC heap after
{Heap after GC invocations=12 (full 0):
 garbage-first heap   total 67584K, used 19207K [0x0000000084e00000, 0x0000000100000000)
  region size 1024K, 3 young (3072K), 3 survivors (3072K)
 Metaspace       used 28976K, committed 29376K, reserved 1081344K
  class space    used 3636K, committed 3840K, reserved 1048576K
}

